[2023-12-30 18:54:54,162: INFO: main: Welcome to our custom log]
[2023-12-30 20:50:41,063: INFO: common: yaml file: config\config.yaml loaded successfully]
[2023-12-30 20:50:41,077: INFO: common: yaml file: params.yaml loaded successfully]
[2023-12-30 20:50:41,077: INFO: common: created directory at: artifacts]
[2023-12-30 20:50:41,081: INFO: common: created directory at: artifacts/data_ingestion]
[2023-12-30 20:50:41,081: INFO: 986331348: Downloading data from https://drive.google.com/file/d/1vlhZ5c7abUKF8xXERIw6m9Te8fW7ohw3/view?usp=sharing into file artifacts/data_ingestion/data.zip]
[2023-12-30 20:51:35,797: INFO: 986331348: Downloaded data from https://drive.google.com/file/d/1vlhZ5c7abUKF8xXERIw6m9Te8fW7ohw3/view?usp=sharing into file artifacts/data_ingestion/data.zip]
[2023-12-31 00:52:45,106: INFO: main: Welcome to our custom log]
[2023-12-31 00:53:07,437: INFO: main: >>>>>> stage Data Ingestion stage started <<<<<<]
[2023-12-31 00:53:07,443: INFO: common: yaml file: config\config.yaml loaded successfully]
[2023-12-31 00:53:07,449: INFO: common: yaml file: params.yaml loaded successfully]
[2023-12-31 00:53:07,449: INFO: common: created directory at: artifacts]
[2023-12-31 00:53:07,449: INFO: common: created directory at: artifacts/data_ingestion]
[2023-12-31 00:53:07,451: INFO: data_ingestion: Downloading data from https://drive.google.com/file/d/1vlhZ5c7abUKF8xXERIw6m9Te8fW7ohw3/view?usp=sharing into file artifacts/data_ingestion/data.zip]
[2023-12-31 00:54:08,326: INFO: data_ingestion: Downloaded data from https://drive.google.com/file/d/1vlhZ5c7abUKF8xXERIw6m9Te8fW7ohw3/view?usp=sharing into file artifacts/data_ingestion/data.zip]
[2023-12-31 00:54:09,262: INFO: main: >>>>>> stage Data Ingestion stage completed <<<<<<

x==========x]
[2023-12-31 02:32:21,353: INFO: common: yaml file: config\config.yaml loaded successfully]
[2023-12-31 02:32:21,365: INFO: common: yaml file: params.yaml loaded successfully]
[2023-12-31 02:32:21,365: INFO: common: created directory at: artifacts]
[2023-12-31 02:40:39,430: INFO: common: yaml file: config\config.yaml loaded successfully]
[2023-12-31 02:40:39,434: INFO: common: yaml file: params.yaml loaded successfully]
[2023-12-31 02:40:39,437: INFO: common: created directory at: artifacts]
[2023-12-31 02:42:50,040: INFO: common: yaml file: config\config.yaml loaded successfully]
[2023-12-31 02:42:50,050: INFO: common: yaml file: params.yaml loaded successfully]
[2023-12-31 02:42:50,053: INFO: common: created directory at: artifacts]
[2023-12-31 02:42:50,056: INFO: common: created directory at: artifacts/prepare_base_model]
[2023-12-31 02:44:02,748: WARNING: saving_utils: Compiled the loaded model, but the compiled metrics have yet to be built. `model.compile_metrics` will be empty until you train or evaluate the model.]
[2023-12-31 03:29:16,554: INFO: main: >>>>>> stage Data Ingestion stage started <<<<<<]
[2023-12-31 03:29:16,556: INFO: common: yaml file: config\config.yaml loaded successfully]
[2023-12-31 03:29:16,558: INFO: common: yaml file: params.yaml loaded successfully]
[2023-12-31 03:29:16,558: INFO: common: created directory at: artifacts]
[2023-12-31 03:29:16,558: INFO: common: created directory at: artifacts/data_ingestion]
[2023-12-31 03:29:16,558: INFO: data_ingestion: Downloading data from https://drive.google.com/file/d/1vlhZ5c7abUKF8xXERIw6m9Te8fW7ohw3/view?usp=sharing into file artifacts/data_ingestion/data.zip]
[2023-12-31 03:29:36,890: INFO: data_ingestion: Downloaded data from https://drive.google.com/file/d/1vlhZ5c7abUKF8xXERIw6m9Te8fW7ohw3/view?usp=sharing into file artifacts/data_ingestion/data.zip]
[2023-12-31 03:29:37,624: INFO: main: >>>>>> stage Data Ingestion stage completed <<<<<<

x==========x]
[2023-12-31 03:30:03,698: INFO: main: >>>>>> stage Data Ingestion stage started <<<<<<]
[2023-12-31 03:30:03,700: INFO: common: yaml file: config\config.yaml loaded successfully]
[2023-12-31 03:30:03,701: INFO: common: yaml file: params.yaml loaded successfully]
[2023-12-31 03:30:03,701: INFO: common: created directory at: artifacts]
[2023-12-31 03:30:03,702: INFO: common: created directory at: artifacts/data_ingestion]
[2023-12-31 03:30:03,702: INFO: data_ingestion: Downloading data from https://drive.google.com/file/d/1vlhZ5c7abUKF8xXERIw6m9Te8fW7ohw3/view?usp=sharing into file artifacts/data_ingestion/data.zip]
[2023-12-31 03:30:29,092: INFO: data_ingestion: Downloaded data from https://drive.google.com/file/d/1vlhZ5c7abUKF8xXERIw6m9Te8fW7ohw3/view?usp=sharing into file artifacts/data_ingestion/data.zip]
[2023-12-31 03:30:30,171: INFO: main: >>>>>> stage Data Ingestion stage completed <<<<<<

x==========x]
[2023-12-31 03:31:38,713: INFO: main: >>>>>> stage Data Ingestion stage started <<<<<<]
[2023-12-31 03:31:38,715: INFO: common: yaml file: config\config.yaml loaded successfully]
[2023-12-31 03:31:38,716: INFO: common: yaml file: params.yaml loaded successfully]
[2023-12-31 03:31:38,717: INFO: common: created directory at: artifacts]
[2023-12-31 03:31:38,717: INFO: common: created directory at: artifacts/data_ingestion]
[2023-12-31 03:31:38,717: INFO: data_ingestion: Downloading data from https://drive.google.com/file/d/1vlhZ5c7abUKF8xXERIw6m9Te8fW7ohw3/view?usp=sharing into file artifacts/data_ingestion/data.zip]
[2023-12-31 03:32:03,435: INFO: data_ingestion: Downloaded data from https://drive.google.com/file/d/1vlhZ5c7abUKF8xXERIw6m9Te8fW7ohw3/view?usp=sharing into file artifacts/data_ingestion/data.zip]
[2023-12-31 03:32:03,958: INFO: main: >>>>>> stage Data Ingestion stage completed <<<<<<

x==========x]
[2023-12-31 03:32:03,959: INFO: main: *******************]
[2023-12-31 03:32:03,959: INFO: main: >>>>>> stage Prepare base model started <<<<<<]
[2023-12-31 03:32:03,960: INFO: common: yaml file: config\config.yaml loaded successfully]
[2023-12-31 03:32:03,962: INFO: common: yaml file: params.yaml loaded successfully]
[2023-12-31 03:32:03,962: INFO: common: created directory at: artifacts]
[2023-12-31 03:32:03,962: INFO: common: created directory at: artifacts/prepare_base_model]
[2023-12-31 03:32:04,450: WARNING: saving_utils: Compiled the loaded model, but the compiled metrics have yet to be built. `model.compile_metrics` will be empty until you train or evaluate the model.]
[2023-12-31 03:32:04,865: INFO: main: >>>>>> stage Prepare base model completed <<<<<<

x==========x]
[2023-12-31 03:47:07,166: INFO: common: yaml file: config\config.yaml loaded successfully]
[2023-12-31 03:47:07,170: INFO: common: yaml file: params.yaml loaded successfully]
[2023-12-31 03:47:07,172: INFO: common: created directory at: artifacts]
[2023-12-31 03:47:07,172: INFO: common: created directory at: artifacts\training]
[2023-12-31 03:49:39,824: INFO: common: yaml file: config\config.yaml loaded successfully]
[2023-12-31 03:49:39,829: INFO: common: yaml file: params.yaml loaded successfully]
[2023-12-31 03:49:39,832: INFO: common: created directory at: artifacts]
[2023-12-31 03:49:39,833: INFO: common: created directory at: artifacts\training]
[2023-12-31 03:51:35,809: INFO: common: yaml file: config\config.yaml loaded successfully]
[2023-12-31 03:51:35,816: INFO: common: yaml file: params.yaml loaded successfully]
[2023-12-31 03:51:35,818: INFO: common: created directory at: artifacts]
[2023-12-31 03:51:35,819: INFO: common: created directory at: artifacts\training]
[2023-12-31 04:24:09,286: INFO: common: yaml file: config\config.yaml loaded successfully]
[2023-12-31 04:24:09,295: INFO: common: yaml file: params.yaml loaded successfully]
[2023-12-31 04:24:09,296: INFO: common: created directory at: artifacts]
[2023-12-31 04:24:09,297: INFO: common: created directory at: artifacts\training]
[2023-12-31 12:59:33,453: INFO: main: >>>>>> stage Data Ingestion stage started <<<<<<]
[2023-12-31 12:59:33,455: INFO: common: yaml file: config\config.yaml loaded successfully]
[2023-12-31 12:59:33,459: INFO: common: yaml file: params.yaml loaded successfully]
[2023-12-31 12:59:33,459: INFO: common: created directory at: artifacts]
[2023-12-31 12:59:33,459: INFO: common: created directory at: artifacts/data_ingestion]
[2023-12-31 12:59:33,459: INFO: data_ingestion: Downloading data from https://drive.google.com/file/d/1vlhZ5c7abUKF8xXERIw6m9Te8fW7ohw3/view?usp=sharing into file artifacts/data_ingestion/data.zip]
[2023-12-31 13:00:36,300: INFO: data_ingestion: Downloaded data from https://drive.google.com/file/d/1vlhZ5c7abUKF8xXERIw6m9Te8fW7ohw3/view?usp=sharing into file artifacts/data_ingestion/data.zip]
[2023-12-31 13:00:36,747: INFO: main: >>>>>> stage Data Ingestion stage completed <<<<<<

x==========x]
[2023-12-31 13:00:36,747: INFO: main: *******************]
[2023-12-31 13:00:36,747: INFO: main: >>>>>> stage Prepare base model started <<<<<<]
[2023-12-31 13:00:36,747: INFO: common: yaml file: config\config.yaml loaded successfully]
[2023-12-31 13:00:36,747: INFO: common: yaml file: params.yaml loaded successfully]
[2023-12-31 13:00:36,751: INFO: common: created directory at: artifacts]
[2023-12-31 13:00:36,751: INFO: common: created directory at: artifacts/prepare_base_model]
[2023-12-31 13:00:37,342: WARNING: saving_utils: Compiled the loaded model, but the compiled metrics have yet to be built. `model.compile_metrics` will be empty until you train or evaluate the model.]
[2023-12-31 13:00:37,725: INFO: main: >>>>>> stage Prepare base model completed <<<<<<

x==========x]
[2023-12-31 13:02:43,665: INFO: main: >>>>>> stage Data Ingestion stage started <<<<<<]
[2023-12-31 13:02:43,673: INFO: common: yaml file: config\config.yaml loaded successfully]
[2023-12-31 13:02:43,673: INFO: common: yaml file: params.yaml loaded successfully]
[2023-12-31 13:02:43,673: INFO: common: created directory at: artifacts]
[2023-12-31 13:02:43,673: INFO: common: created directory at: artifacts/data_ingestion]
[2023-12-31 13:02:43,673: INFO: data_ingestion: Downloading data from https://drive.google.com/file/d/1vlhZ5c7abUKF8xXERIw6m9Te8fW7ohw3/view?usp=sharing into file artifacts/data_ingestion/data.zip]
[2023-12-31 13:03:16,863: INFO: data_ingestion: Downloaded data from https://drive.google.com/file/d/1vlhZ5c7abUKF8xXERIw6m9Te8fW7ohw3/view?usp=sharing into file artifacts/data_ingestion/data.zip]
[2023-12-31 13:03:17,306: INFO: main: >>>>>> stage Data Ingestion stage completed <<<<<<

x==========x]
[2023-12-31 13:03:17,306: INFO: main: *******************]
[2023-12-31 13:03:17,306: INFO: main: >>>>>> stage Prepare base model started <<<<<<]
[2023-12-31 13:03:17,312: INFO: common: yaml file: config\config.yaml loaded successfully]
[2023-12-31 13:03:17,312: INFO: common: yaml file: params.yaml loaded successfully]
[2023-12-31 13:03:17,314: INFO: common: created directory at: artifacts]
[2023-12-31 13:03:17,314: INFO: common: created directory at: artifacts/prepare_base_model]
[2023-12-31 13:03:17,956: WARNING: saving_utils: Compiled the loaded model, but the compiled metrics have yet to be built. `model.compile_metrics` will be empty until you train or evaluate the model.]
[2023-12-31 13:03:18,702: INFO: main: >>>>>> stage Prepare base model completed <<<<<<

x==========x]
[2023-12-31 13:49:15,878: INFO: main: >>>>>> stage Data Ingestion stage started <<<<<<]
[2023-12-31 13:49:15,896: INFO: common: yaml file: config\config.yaml loaded successfully]
[2023-12-31 13:49:15,926: INFO: common: yaml file: params.yaml loaded successfully]
[2023-12-31 13:49:15,929: INFO: common: created directory at: artifacts]
[2023-12-31 13:49:15,931: INFO: common: created directory at: artifacts/data_ingestion]
[2023-12-31 13:49:15,931: INFO: data_ingestion: Downloading data from https://drive.google.com/file/d/1vlhZ5c7abUKF8xXERIw6m9Te8fW7ohw3/view?usp=sharing into file artifacts/data_ingestion/data.zip]
[2023-12-31 13:49:36,420: INFO: data_ingestion: Downloaded data from https://drive.google.com/file/d/1vlhZ5c7abUKF8xXERIw6m9Te8fW7ohw3/view?usp=sharing into file artifacts/data_ingestion/data.zip]
[2023-12-31 13:49:37,808: INFO: main: >>>>>> stage Data Ingestion stage completed <<<<<<

x==========x]
[2023-12-31 13:49:37,808: INFO: main: *******************]
[2023-12-31 13:49:37,808: INFO: main: >>>>>> stage Prepare base model started <<<<<<]
[2023-12-31 13:49:37,816: INFO: common: yaml file: config\config.yaml loaded successfully]
[2023-12-31 13:49:37,816: INFO: common: yaml file: params.yaml loaded successfully]
[2023-12-31 13:49:37,816: INFO: common: created directory at: artifacts]
[2023-12-31 13:49:37,816: INFO: common: created directory at: artifacts/prepare_base_model]
[2023-12-31 13:49:39,167: WARNING: saving_utils: Compiled the loaded model, but the compiled metrics have yet to be built. `model.compile_metrics` will be empty until you train or evaluate the model.]
[2023-12-31 13:49:39,726: INFO: main: >>>>>> stage Prepare base model completed <<<<<<

x==========x]
[2023-12-31 13:49:39,726: INFO: main: *******************]
[2023-12-31 13:49:39,726: INFO: main: >>>>>> stage Training started <<<<<<]
[2023-12-31 13:49:39,736: INFO: common: yaml file: config\config.yaml loaded successfully]
[2023-12-31 13:49:39,736: INFO: common: yaml file: params.yaml loaded successfully]
[2023-12-31 13:49:39,736: INFO: common: created directory at: artifacts]
[2023-12-31 13:49:39,736: INFO: common: created directory at: artifacts\training]
[2023-12-31 14:37:49,213: INFO: main: >>>>>> stage Training completed <<<<<<

x==========x]
